#
# A fatal error has been detected by the Java Runtime Environment:
#
#  SIGSEGV (0xb) at pc=0x0000000114a903bf, pid=10589, tid=0x000000000000e007
#
# JRE version: Java(TM) SE Runtime Environment (8.0_131-b11) (build 1.8.0_131-b11)
# Java VM: Java HotSpot(TM) 64-Bit Server VM (25.131-b11 mixed mode bsd-amd64 compressed oops)
# Problematic frame:
# C  [libawt_lwawt.dylib+0x1c3bf]  OGLSD_SetScratchSurface+0x49
#
# Failed to write core dump. Core dumps have been disabled. To enable core dumping, try "ulimit -c unlimited" before starting Java again
#
# If you would like to submit a bug report, please visit:
#   http://bugreport.java.com/bugreport/crash.jsp
# The crash happened outside the Java Virtual Machine in native code.
# See problematic frame for where to report the bug.
#

---------------  T H R E A D  ---------------

Current thread (0x00007fe4682a0000):  JavaThread "Java2D Queue Flusher" daemon [_thread_in_native, id=57351, stack(0x0000700002851000,0x0000700002a51000)]

siginfo: si_signo: 11 (SIGSEGV), si_code: 1 (SEGV_MAPERR), si_addr: 0x0000000000000002

Registers:
RAX=0x00000000ffffffff, RBX=0x0000000000000002, RCX=0x0000000000000047, RDX=0x0000000114ab1258
RSP=0x0000700002a50810, RBP=0x0000700002a50830, RSI=0x00007fe47115bfd0, RDI=0x00007fe4682a01f8
R8 =0x00000000e824ca98, R9 =0x0000000000000000, R10=0x0000000117bc8d78, R11=0x0000000000000020
R12=0x0000000000000000, R13=0x0000000741265540, R14=0x00007fe4682a01f8, R15=0x00007fe4682a0000
RIP=0x0000000114a903bf, EFLAGS=0x0000000000010202, ERR=0x0000000000000004
  TRAPNO=0x000000000000000e

Top of Stack: (sp=0x0000700002a50810)
0x0000700002a50810:   00007fe47115bfd0 0000000000000000
0x0000700002a50820:   00007fe4682dc810 00007fe4682a0000
0x0000700002a50830:   0000700002a508b0 0000000114ab0d36
0x0000700002a50840:   0000000000000064 00007fe467c97548
0x0000700002a50850:   0000700002a508b0 0000000108550094
0x0000700002a50860:   0000000000000005 00007fe4682a0000
0x0000700002a50870:   0000000741265501 00007fe4682dc820
0x0000700002a50880:   0000700000a50800 00007fe4682a01f8
0x0000700002a50890:   0000000000000000 0000000000000000
0x0000700002a508a0:   00000007b757ec48 00007fe4682a0000
0x0000700002a508b0:   0000700002a50900 0000000117bc8dea
0x0000700002a508c0:   00000007412654a8 00000007414b7888
0x0000700002a508d0:   0000000127f1c028 0000000000000000
0x0000700002a508e0:   0000000000000011 0000000000000000
0x0000700002a508f0:   0000700002a50910 0000000000000000
0x0000700002a50900:   00000000e824ca95 000000011c20a460
0x0000700002a50910:   00000007412654a8 0000000000000000
0x0000700002a50920:   0000000741265540 0000000700000000
0x0000700002a50930:   0000000741265540 0000700002a509d0
0x0000700002a50940:   0000000000000001 0000000000000000
0x0000700002a50950:   0000700002a509d0 000000011654c7a7
0x0000700002a50960:   0000000741265540 0000000741265540
0x0000700002a50970:   0000700000001fa0 000000000000000a
0x0000700002a50980:   00007fe4682a0000 0000000000000001
0x0000700002a50990:   000000011654c71f 000000010e7f44f8
0x0000700002a509a0:   0000700002a50a68 0000700002a50d00
0x0000700002a509b0:   000000010000000a 000000010e7f44f8
0x0000700002a509c0:   000000011655f120 0000700002a50c70
0x0000700002a509d0:   0000700002a50b80 00000001084ee5b6
0x0000700002a509e0:   0000700000000001 00007fe4682a0000
0x0000700002a509f0:   00007fe4682a0000 0000700002a50d00
0x0000700002a50a00:   00007fe467c97540 000000011655f120 

Instructions: (pc=0x0000000114a903bf)
0x0000000114a9039f:   c0 e9 82 00 00 00 48 8b 5e 10 48 85 db 75 0e bf
0x0000000114a903af:   01 00 00 00 48 8d 15 07 7c 03 00 eb d6 49 89 fe
0x0000000114a903bf:   4c 8b 3b 30 c0 e8 c1 a6 02 00 49 8b 3f 49 89 c4
0x0000000114a903cf:   48 8b 35 4a 03 06 00 30 c0 e8 0f a8 02 00 48 85 

Register to memory mapping:

RAX=0x00000000ffffffff is an unknown value
RBX=0x0000000000000002 is an unknown value
RCX=0x0000000000000047 is an unknown value
RDX=0x0000000114ab1258: Java_sun_java2d_opengl_OGLRenderQueue_flushBuffer+0xb5c in /Library/Java/JavaVirtualMachines/jdk1.8.0_131.jdk/Contents/Home/jre/lib/libawt_lwawt.dylib at 0x0000000114a74000
RSP=0x0000700002a50810 is pointing into the stack for thread: 0x00007fe4682a0000
RBP=0x0000700002a50830 is pointing into the stack for thread: 0x00007fe4682a0000
RSI=0x00007fe47115bfd0 is an unknown value
RDI=0x00007fe4682a01f8 is an unknown value
R8 =0x00000000e824ca98 is an unknown value
R9 =0x0000000000000000 is an unknown value
R10=0x0000000117bc8d78 is at entry_point+56 in (nmethod*)0x0000000117bc8bd0
R11=0x0000000000000020 is an unknown value
R12=0x0000000000000000 is an unknown value
R13=0x0000000741265540 is an oop
sun.java2d.opengl.OGLRenderQueue$QueueFlusher 
 - klass: 'sun/java2d/opengl/OGLRenderQueue$QueueFlusher'
R14=0x00007fe4682a01f8 is an unknown value
R15=0x00007fe4682a0000 is a thread


Stack: [0x0000700002851000,0x0000700002a51000],  sp=0x0000700002a50810,  free space=2046k
Native frames: (J=compiled Java code, j=interpreted, Vv=VM code, C=native code)
C  [libawt_lwawt.dylib+0x1c3bf]  OGLSD_SetScratchSurface+0x49
C  [libawt_lwawt.dylib+0x3cd36]  Java_sun_java2d_opengl_OGLRenderQueue_flushBuffer+0x63a
J 9691  sun.java2d.opengl.OGLRenderQueue.flushBuffer(JI)V (0 bytes) @ 0x0000000117bc8dea [0x0000000117bc8d40+0xaa]
J 48599% C2 sun.java2d.opengl.OGLRenderQueue$QueueFlusher.run()V (234 bytes) @ 0x000000011c20a460 [0x000000011c20a380+0xe0]
v  ~StubRoutines::call_stub
V  [libjvm.dylib+0x2ee5b6]
V  [libjvm.dylib+0x2eed5a]
V  [libjvm.dylib+0x2eef06]
V  [libjvm.dylib+0x34965d]
V  [libjvm.dylib+0x56b87f]
V  [libjvm.dylib+0x56cf6c]
V  [libjvm.dylib+0x48b376]
C  [libsystem_pthread.dylib+0x393b]  _pthread_body+0xb4
C  [libsystem_pthread.dylib+0x3887]  _pthread_body+0x0
C  [libsystem_pthread.dylib+0x308d]  thread_start+0xd
C  0x0000000000000000

Java frames: (J=compiled Java code, j=interpreted, Vv=VM code)
J 9691  sun.java2d.opengl.OGLRenderQueue.flushBuffer(JI)V (0 bytes) @ 0x0000000117bc8d78 [0x0000000117bc8d40+0x38]
J 48599% C2 sun.java2d.opengl.OGLRenderQueue$QueueFlusher.run()V (234 bytes) @ 0x000000011c20a460 [0x000000011c20a380+0xe0]
v  ~StubRoutines::call_stub

---------------  P R O C E S S  ---------------

Java Threads: ( => current thread )
  0x00007fe46ea37800 JavaThread "Inactive RequestProcessor thread [Was:JarFs - modification watcher/org.openide.filesystems.JarFileSystem$2]" daemon [_thread_blocked, id=43187, stack(0x00007000038ec000,0x0000700003aec000)]
  0x00007fe45864c800 JavaThread "Inactive RequestProcessor thread [Was:org.netbeans.modules.versioning.core.VcsVisibilityQueryImplementation/org.netbeans.modules.versioning.core.VcsVisibilityQueryImplementation$RefreshTask]" daemon [_thread_blocked, id=39375, stack(0x00007000036e9000,0x00007000038e9000)]
  0x00007fe472b62800 JavaThread "Inactive RequestProcessor thread [Was:OpenIDE-request-processor-1/org.netbeans.core.startup.preferences.NbPreferences$1]" daemon [_thread_blocked, id=88835, stack(0x0000700002248000,0x0000700002448000)]
  0x00007fe472f7c800 JavaThread "Inactive RequestProcessor thread [Was:MainWndMac/org.netbeans.core.windows.view.ui.MainWindow$4$1]" daemon [_thread_blocked, id=89931, stack(0x00007000032e3000,0x00007000034e3000)]
  0x00007fe4686b8000 JavaThread "RepositoryUpdater.worker" daemon [_thread_in_vm, id=85395, stack(0x0000700005110000,0x0000700005310000)]
  0x00007fe46e8c8000 JavaThread "Err Thread for asm" daemon [_thread_in_native, id=95595, stack(0x0000700004f0d000,0x000070000510d000)]
  0x00007fe46db56800 JavaThread "Out Thread for asm" daemon [_thread_in_native, id=82603, stack(0x0000700004d0a000,0x0000700004f0a000)]
  0x00007fe468542000 JavaThread "In Thread for asm" daemon [_thread_blocked, id=94547, stack(0x0000700003cf2000,0x0000700003ef2000)]
  0x00007fe472dff000 JavaThread "process reaper" daemon [_thread_in_native, id=87251, stack(0x0000700002e5a000,0x0000700002e82000)]
  0x00007fe470e98000 JavaThread "exec_asm (run-single)_172" [_thread_blocked, id=96299, stack(0x0000700003aef000,0x0000700003cef000)]
  0x00007fe458a46000 JavaThread "org.apache.tools.ant.module.run.TargetExecutor" daemon [_thread_blocked, id=92387, stack(0x000070000244b000,0x000070000264b000)]
  0x00007fe46f4c8000 JavaThread "DestroyJavaVM" [_thread_blocked, id=6915, stack(0x0000700000709000,0x0000700000909000)]
  0x00007fe46e74a000 JavaThread "TimerQueue" daemon [_thread_blocked, id=79879, stack(0x0000700004b07000,0x0000700004d07000)]
  0x00007fe46e873000 JavaThread "Worker-JM" [_thread_blocked, id=79119, stack(0x0000700004904000,0x0000700004b04000)]
  0x00007fe4680d5000 JavaThread "Framework Event Dispatcher" daemon [_thread_blocked, id=78595, stack(0x0000700004701000,0x0000700004901000)]
  0x00007fe4686b1000 JavaThread "Deadlock Detector" [_thread_blocked, id=78151, stack(0x00007000044fe000,0x00007000046fe000)]
  0x00007fe468846000 JavaThread "Thread-3" daemon [_thread_blocked, id=77887, stack(0x00007000042fb000,0x00007000044fb000)]
  0x00007fe46836f000 JavaThread "File Watcher" daemon [_thread_blocked, id=75283, stack(0x00007000040f8000,0x00007000042f8000)]
  0x00007fe4699c9000 JavaThread "Thread-1" daemon [_thread_in_native, id=73283, stack(0x0000700003ef5000,0x00007000040f5000)]
  0x00007fe46fac1800 JavaThread "Editor Parsing Loop (netbeans-release-428-on-20190716)" daemon [_thread_blocked, id=70667, stack(0x00007000034e6000,0x00007000036e6000)]
  0x00007fe46faa7000 JavaThread "State Data Manager" daemon [_thread_blocked, id=69639, stack(0x00007000030e0000,0x00007000032e0000)]
  0x00007fe469520800 JavaThread "Framework Active Thread" [_thread_blocked, id=69295, stack(0x0000700002edd000,0x00007000030dd000)]
  0x00007fe469c1f000 JavaThread "AWT-EventQueue-0" [_thread_blocked, id=64003, stack(0x0000700002c57000,0x0000700002e57000)]
  0x00007fe46892e000 JavaThread "Java2D Disposer" daemon [_thread_blocked, id=63499, stack(0x0000700002a54000,0x0000700002c54000)]
=>0x00007fe4682a0000 JavaThread "Java2D Queue Flusher" daemon [_thread_in_native, id=57351, stack(0x0000700002851000,0x0000700002a51000)]
  0x00007fe46829f000 JavaThread "RequestProcessor queue manager" daemon [_thread_blocked, id=55843, stack(0x000070000264e000,0x000070000284e000)]
  0x00007fe46823e000 JavaThread "AWT-Shutdown" [_thread_blocked, id=30751, stack(0x0000700001f3f000,0x000070000213f000)]
  0x00007fe469ac9800 JavaThread "AppKit Thread" daemon [_thread_blocked, id=775, stack(0x00007fff57a8a000,0x00007fff5828a000)]
  0x00007fe468238000 JavaThread "CLI Requests Server" daemon [_thread_in_native, id=20227, stack(0x0000700001cb9000,0x0000700001eb9000)]
  0x00007fe4699b7800 JavaThread "Active Reference Queue Daemon" daemon [_thread_blocked, id=19715, stack(0x0000700001ab6000,0x0000700001cb6000)]
  0x00007fe469856000 JavaThread "Service Thread" daemon [_thread_blocked, id=18691, stack(0x00007000017b0000,0x00007000019b0000)]
  0x00007fe468035000 JavaThread "C1 CompilerThread2" daemon [_thread_blocked, id=18179, stack(0x00007000016ad000,0x00007000017ad000)]
  0x00007fe468034000 JavaThread "C2 CompilerThread1" daemon [_thread_blocked, id=17667, stack(0x00007000015aa000,0x00007000016aa000)]
  0x00007fe46982a800 JavaThread "C2 CompilerThread0" daemon [_thread_blocked, id=17155, stack(0x00007000014a7000,0x00007000015a7000)]
  0x00007fe46880d800 JavaThread "Signal Dispatcher" daemon [_thread_blocked, id=16643, stack(0x00007000012a4000,0x00007000014a4000)]
  0x00007fe468825800 JavaThread "Finalizer" daemon [_thread_blocked, id=12291, stack(0x000070000101e000,0x000070000121e000)]
  0x00007fe46902d800 JavaThread "Reference Handler" daemon [_thread_blocked, id=11779, stack(0x0000700000e1b000,0x000070000101b000)]

Other Threads:
  0x00007fe46881f000 VMThread [stack: 0x0000700000d18000,0x0000700000e18000] [id=11267]
  0x00007fe468023800 WatcherThread [stack: 0x00007000019b3000,0x0000700001ab3000] [id=19203]

VM state:not at safepoint (normal execution)

VM Mutex/Monitor currently owned by a thread: None

Heap:
 PSYoungGen      total 637440K, used 42750K [0x0000000795580000, 0x00000007bfc00000, 0x00000007c0000000)
  eden space 582144K, 2% used [0x0000000795580000,0x0000000796391f08,0x00000007b8e00000)
  from space 55296K, 51% used [0x00000007b8e00000,0x00000007ba9adaa8,0x00000007bc400000)
  to   space 53248K, 0% used [0x00000007bc800000,0x00000007bc800000,0x00000007bfc00000)
 ParOldGen       total 720384K, used 555747K [0x0000000740000000, 0x000000076bf80000, 0x0000000795580000)
  object space 720384K, 77% used [0x0000000740000000,0x0000000761eb8ee8,0x000000076bf80000)
 Metaspace       used 170474K, capacity 193312K, committed 193432K, reserved 1216512K
  class space    used 19886K, capacity 25917K, committed 26024K, reserved 1048576K

Card table byte_map: [0x00000001095af000,0x00000001099b0000] byte_map_base: 0x0000000105baf000

Marking Bits: (ParMarkBitMap*) 0x0000000108af1ea0
 Begin Bits: [0x0000000109c5b000, 0x000000010bc5b000)
 End Bits:   [0x000000010bc5b000, 0x000000010dc5b000)

Polling page: 0x00000001079f3000

CodeCache: size=245760Kb used=162018Kb max_used=166502Kb free=83741Kb
 bounds [0x000000011654c000, 0x0000000120e8c000, 0x000000012554c000]
 total_blobs=30153 nmethods=29140 adapters=918
 compilation: enabled

Compilation events (10 events):
Event: 207537.893 Thread 0x00007fe468035000 80759       3       org.netbeans.modules.editor.search.SearchPropertiesSupport::getPrefs (4 bytes)
Event: 207537.894 Thread 0x00007fe468035000 nmethod 80759 0x00000001177280d0 code [0x0000000117728240, 0x0000000117728390]
Event: 207537.917 Thread 0x00007fe468035000 80760       3       org.netbeans.modules.editor.search.SearchPropertiesSupport::access$100 (4 bytes)
Event: 207537.918 Thread 0x00007fe468035000 nmethod 80760 0x0000000116ba2890 code [0x0000000116ba2a20, 0x0000000116ba2ed0]
Event: 207537.938 Thread 0x00007fe468035000 80761       3       org.netbeans.modules.editor.search.SearchPropertiesSupport::access$200 (5 bytes)
Event: 207537.939 Thread 0x00007fe468035000 nmethod 80761 0x00000001172df590 code [0x00000001172df700, 0x00000001172df890]
Event: 207562.893 Thread 0x00007fe46982a800 80762       4       java.util.Spliterators$EmptySpliterator$OfRef::forEachRemaining (6 bytes)
Event: 207562.894 Thread 0x00007fe46982a800 nmethod 80762 0x000000011ecac690 code [0x000000011ecac7e0, 0x000000011ecac858]
Event: 207562.935 Thread 0x00007fe468035000 80763       3       com.sun.tools.javac.model.JavacElements::getAllAnnotationMirrors (158 bytes)
Event: 207562.945 Thread 0x00007fe468035000 nmethod 80763 0x000000011edbdbd0 code [0x000000011edbdf00, 0x000000011edbfab8]

GC Heap History (10 events):
Event: 203955.873 GC heap before
{Heap before GC invocations=1599 (full 8):
 PSYoungGen      total 632320K, used 593445K [0x0000000795580000, 0x00000007bfc00000, 0x00000007c0000000)
  eden space 569856K, 100% used [0x0000000795580000,0x00000007b8200000,0x00000007b8200000)
  from space 62464K, 37% used [0x00000007bbf00000,0x00000007bd609780,0x00000007bfc00000)
  to   space 62464K, 0% used [0x00000007b8200000,0x00000007b8200000,0x00000007bbf00000)
 ParOldGen       total 720384K, used 552145K [0x0000000740000000, 0x000000076bf80000, 0x0000000795580000)
  object space 720384K, 76% used [0x0000000740000000,0x0000000761b34490,0x000000076bf80000)
 Metaspace       used 170393K, capacity 193156K, committed 193304K, reserved 1216512K
  class space    used 19877K, capacity 25874K, committed 25896K, reserved 1048576K
Event: 203955.905 GC heap after
Heap after GC invocations=1599 (full 8):
 PSYoungGen      total 632320K, used 24029K [0x0000000795580000, 0x00000007bfd00000, 0x00000007c0000000)
  eden space 569856K, 0% used [0x0000000795580000,0x0000000795580000,0x00000007b8200000)
  from space 62464K, 38% used [0x00000007b8200000,0x00000007b9977528,0x00000007bbf00000)
  to   space 60928K, 0% used [0x00000007bc180000,0x00000007bc180000,0x00000007bfd00000)
 ParOldGen       total 720384K, used 552249K [0x0000000740000000, 0x000000076bf80000, 0x0000000795580000)
  object space 720384K, 76% used [0x0000000740000000,0x0000000761b4e490,0x000000076bf80000)
 Metaspace       used 170393K, capacity 193156K, committed 193304K, reserved 1216512K
  class space    used 19877K, capacity 25874K, committed 25896K, reserved 1048576K
}
Event: 203977.715 GC heap before
{Heap before GC invocations=1600 (full 8):
 PSYoungGen      total 632320K, used 593885K [0x0000000795580000, 0x00000007bfd00000, 0x00000007c0000000)
  eden space 569856K, 100% used [0x0000000795580000,0x00000007b8200000,0x00000007b8200000)
  from space 62464K, 38% used [0x00000007b8200000,0x00000007b9977528,0x00000007bbf00000)
  to   space 60928K, 0% used [0x00000007bc180000,0x00000007bc180000,0x00000007bfd00000)
 ParOldGen       total 720384K, used 552249K [0x0000000740000000, 0x000000076bf80000, 0x0000000795580000)
  object space 720384K, 76% used [0x0000000740000000,0x0000000761b4e490,0x000000076bf80000)
 Metaspace       used 170411K, capacity 193156K, committed 193304K, reserved 1216512K
  class space    used 19877K, capacity 25874K, committed 25896K, reserved 1048576K
Event: 203977.754 GC heap after
Heap after GC invocations=1600 (full 8):
 PSYoungGen      total 634880K, used 23716K [0x0000000795580000, 0x00000007bfb80000, 0x00000007c0000000)
  eden space 575488K, 0% used [0x0000000795580000,0x0000000795580000,0x00000007b8780000)
  from space 59392K, 39% used [0x00000007bc180000,0x00000007bd8a9380,0x00000007bfb80000)
  to   space 59392K, 0% used [0x00000007b8780000,0x00000007b8780000,0x00000007bc180000)
 ParOldGen       total 720384K, used 553121K [0x0000000740000000, 0x000000076bf80000, 0x0000000795580000)
  object space 720384K, 76% used [0x0000000740000000,0x0000000761c28490,0x000000076bf80000)
 Metaspace       used 170411K, capacity 193156K, committed 193304K, reserved 1216512K
  class space    used 19877K, capacity 25874K, committed 25896K, reserved 1048576K
}
Event: 204924.633 GC heap before
{Heap before GC invocations=1601 (full 8):
 PSYoungGen      total 634880K, used 599204K [0x0000000795580000, 0x00000007bfb80000, 0x00000007c0000000)
  eden space 575488K, 100% used [0x0000000795580000,0x00000007b8780000,0x00000007b8780000)
  from space 59392K, 39% used [0x00000007bc180000,0x00000007bd8a9380,0x00000007bfb80000)
  to   space 59392K, 0% used [0x00000007b8780000,0x00000007b8780000,0x00000007bc180000)
 ParOldGen       total 720384K, used 553121K [0x0000000740000000, 0x000000076bf80000, 0x0000000795580000)
  object space 720384K, 76% used [0x0000000740000000,0x0000000761c28490,0x000000076bf80000)
 Metaspace       used 170411K, capacity 193156K, committed 193304K, reserved 1216512K
  class space    used 19877K, capacity 25874K, committed 25896K, reserved 1048576K
Event: 204924.791 GC heap after
Heap after GC invocations=1601 (full 8):
 PSYoungGen      total 634880K, used 26266K [0x0000000795580000, 0x00000007bfc00000, 0x00000007c0000000)
  eden space 575488K, 0% used [0x0000000795580000,0x0000000795580000,0x00000007b8780000)
  from space 59392K, 44% used [0x00000007b8780000,0x00000007ba126b58,0x00000007bc180000)
  to   space 57344K, 0% used [0x00000007bc400000,0x00000007bc400000,0x00000007bfc00000)
 ParOldGen       total 720384K, used 553305K [0x0000000740000000, 0x000000076bf80000, 0x0000000795580000)
  object space 720384K, 76% used [0x0000000740000000,0x0000000761c56490,0x000000076bf80000)
 Metaspace       used 170411K, capacity 193156K, committed 193304K, reserved 1216512K
  class space    used 19877K, capacity 25874K, committed 25896K, reserved 1048576K
}
Event: 204950.479 GC heap before
{Heap before GC invocations=1602 (full 8):
 PSYoungGen      total 634880K, used 601754K [0x0000000795580000, 0x00000007bfc00000, 0x00000007c0000000)
  eden space 575488K, 100% used [0x0000000795580000,0x00000007b8780000,0x00000007b8780000)
  from space 59392K, 44% used [0x00000007b8780000,0x00000007ba126b58,0x00000007bc180000)
  to   space 57344K, 0% used [0x00000007bc400000,0x00000007bc400000,0x00000007bfc00000)
 ParOldGen       total 720384K, used 553305K [0x0000000740000000, 0x000000076bf80000, 0x0000000795580000)
  object space 720384K, 76% used [0x0000000740000000,0x0000000761c56490,0x000000076bf80000)
 Metaspace       used 170470K, capacity 193312K, committed 193432K, reserved 1216512K
  class space    used 19886K, capacity 25917K, committed 26024K, reserved 1048576K
Event: 204950.568 GC heap after
Heap after GC invocations=1602 (full 8):
 PSYoungGen      total 637440K, used 31526K [0x0000000795580000, 0x00000007bfa00000, 0x00000007c0000000)
  eden space 582144K, 0% used [0x0000000795580000,0x0000000795580000,0x00000007b8e00000)
  from space 55296K, 57% used [0x00000007bc400000,0x00000007be2c9b90,0x00000007bfa00000)
  to   space 55296K, 0% used [0x00000007b8e00000,0x00000007b8e00000,0x00000007bc400000)
 ParOldGen       total 720384K, used 553361K [0x0000000740000000, 0x000000076bf80000, 0x0000000795580000)
  object space 720384K, 76% used [0x0000000740000000,0x0000000761c64490,0x000000076bf80000)
 Metaspace       used 170470K, capacity 193312K, committed 193432K, reserved 1216512K
  class space    used 19886K, capacity 25917K, committed 26024K, reserved 1048576K
}
Event: 207584.203 GC heap before
{Heap before GC invocations=1603 (full 8):
 PSYoungGen      total 637440K, used 613670K [0x0000000795580000, 0x00000007bfa00000, 0x00000007c0000000)
  eden space 582144K, 100% used [0x0000000795580000,0x00000007b8e00000,0x00000007b8e00000)
  from space 55296K, 57% used [0x00000007bc400000,0x00000007be2c9b90,0x00000007bfa00000)
  to   space 55296K, 0% used [0x00000007b8e00000,0x00000007b8e00000,0x00000007bc400000)
 ParOldGen       total 720384K, used 553389K [0x0000000740000000, 0x000000076bf80000, 0x0000000795580000)
  object space 720384K, 76% used [0x0000000740000000,0x0000000761c6b5a0,0x000000076bf80000)
 Metaspace       used 170474K, capacity 193312K, committed 193432K, reserved 1216512K
  class space    used 19886K, capacity 25917K, committed 26024K, reserved 1048576K
Event: 207584.466 GC heap after
Heap after GC invocations=1603 (full 8):
 PSYoungGen      total 637440K, used 28342K [0x0000000795580000, 0x00000007bfc00000, 0x00000007c0000000)
  eden space 582144K, 0% used [0x0000000795580000,0x0000000795580000,0x00000007b8e00000)
  from space 55296K, 51% used [0x00000007b8e00000,0x00000007ba9adaa8,0x00000007bc400000)
  to   space 53248K, 0% used [0x00000007bc800000,0x00000007bc800000,0x00000007bfc00000)
 ParOldGen       total 720384K, used 555747K [0x0000000740000000, 0x000000076bf80000, 0x0000000795580000)
  object space 720384K, 77% used [0x0000000740000000,0x0000000761eb8ee8,0x000000076bf80000)
 Metaspace       used 170474K, capacity 193312K, committed 193432K, reserved 1216512K
  class space    used 19886K, capacity 25917K, committed 26024K, reserved 1048576K
}

Deoptimization events (10 events):
Event: 203742.228 Thread 0x00007fe46fac1800 Uncommon trap: reason=unstable_if action=reinterpret pc=0x000000011cceb928 method=java.util.concurrent.ConcurrentHashMap$TreeNode.findTreeNode(ILjava/lang/Object;Ljava/lang/Class;)Ljava/util/concurrent/ConcurrentHashMap$TreeNode; @ 76
Event: 203742.228 Thread 0x00007fe46fac1800 Uncommon trap: reason=unstable_if action=reinterpret pc=0x000000011ba56380 method=java.util.concurrent.ConcurrentHashMap$TreeNode.findTreeNode(ILjava/lang/Object;Ljava/lang/Class;)Ljava/util/concurrent/ConcurrentHashMap$TreeNode; @ 76
Event: 203743.906 Thread 0x00007fe47332d000 Uncommon trap: reason=bimorphic action=maybe_recompile pc=0x000000011a37e740 method=org.netbeans.api.java.source.ElementUtilities.getLocalMembersAndVars(Lcom/sun/source/tree/Scope;Lorg/netbeans/api/java/source/ElementUtilities$ElementAcceptor;)Ljava/lang/
Event: 203743.910 Thread 0x00007fe469c1f000 Uncommon trap: reason=class_check action=maybe_recompile pc=0x000000011c00913c method=java.util.Collections$UnmodifiableMap$UnmodifiableEntrySet$UnmodifiableEntry.<init>(Ljava/util/Map$Entry;)V @ 9
Event: 203743.910 Thread 0x00007fe469c1f000 Uncommon trap: reason=class_check action=maybe_recompile pc=0x000000011c00913c method=java.util.Collections$UnmodifiableMap$UnmodifiableEntrySet$UnmodifiableEntry.<init>(Ljava/util/Map$Entry;)V @ 9
Event: 203743.912 Thread 0x00007fe469c1f000 Uncommon trap: reason=class_check action=maybe_recompile pc=0x000000011c00913c method=java.util.Collections$UnmodifiableMap$UnmodifiableEntrySet$UnmodifiableEntry.<init>(Ljava/util/Map$Entry;)V @ 9
Event: 203743.912 Thread 0x00007fe469c1f000 Uncommon trap: reason=class_check action=maybe_recompile pc=0x000000011c00913c method=java.util.Collections$UnmodifiableMap$UnmodifiableEntrySet$UnmodifiableEntry.<init>(Ljava/util/Map$Entry;)V @ 9
Event: 204939.303 Thread 0x00007fe46e660800 Uncommon trap: reason=unstable_if action=reinterpret pc=0x0000000116678ef8 method=com.sun.tools.javac.code.Type$ClassType.getTypeArguments()Lcom/sun/tools/javac/util/List; @ 15
Event: 204950.448 Thread 0x00007fe469c1f000 Uncommon trap: reason=unstable_if action=reinterpret pc=0x000000011cc24320 method=java.util.IdentityHashMap$IdentityHashMapIterator.remove()V @ 209
Event: 204955.946 Thread 0x00007fe469c1f000 Uncommon trap: reason=unstable_if action=reinterpret pc=0x0000000119502740 method=java.util.IdentityHashMap$IdentityHashMapIterator.remove()V @ 209

Internal exceptions (10 events):
Event: 207563.517 Thread 0x00007fe46fac1800 Exception <a 'sun/nio/fs/UnixException'> (0x00000007b4256d38) thrown at [/Users/java_re/workspace/8-2-build-macosx-x86_64/jdk8u131/8869/hotspot/src/share/vm/prims/jni.cpp, line 709]
Event: 207563.517 Thread 0x00007fe46fac1800 Exception <a 'sun/nio/fs/UnixException'> (0x00000007b4257880) thrown at [/Users/java_re/workspace/8-2-build-macosx-x86_64/jdk8u131/8869/hotspot/src/share/vm/prims/jni.cpp, line 709]
Event: 207563.517 Thread 0x00007fe46fac1800 Exception <a 'sun/nio/fs/UnixException'> (0x00000007b4258428) thrown at [/Users/java_re/workspace/8-2-build-macosx-x86_64/jdk8u131/8869/hotspot/src/share/vm/prims/jni.cpp, line 709]
Event: 207563.517 Thread 0x00007fe46fac1800 Exception <a 'sun/nio/fs/UnixException'> (0x00000007b4258fb8) thrown at [/Users/java_re/workspace/8-2-build-macosx-x86_64/jdk8u131/8869/hotspot/src/share/vm/prims/jni.cpp, line 709]
Event: 207584.184 Thread 0x00007fe4686b8000 Exception <a 'java/io/FileNotFoundException'> (0x00000007b663b210) thrown at [/Users/java_re/workspace/8-2-build-macosx-x86_64/jdk8u131/8869/hotspot/src/share/vm/prims/jni.cpp, line 709]
Event: 207584.186 Thread 0x00007fe4686b8000 Exception <a 'java/io/FileNotFoundException'> (0x00000007b8a83228) thrown at [/Users/java_re/workspace/8-2-build-macosx-x86_64/jdk8u131/8869/hotspot/src/share/vm/prims/jni.cpp, line 709]
Event: 207584.187 Thread 0x00007fe4686b8000 Exception <a 'java/io/FileNotFoundException'> (0x00000007b8a85fe8) thrown at [/Users/java_re/workspace/8-2-build-macosx-x86_64/jdk8u131/8869/hotspot/src/share/vm/prims/jni.cpp, line 709]
Event: 207584.189 Thread 0x00007fe4686b8000 Exception <a 'java/io/FileNotFoundException'> (0x00000007b8a97430) thrown at [/Users/java_re/workspace/8-2-build-macosx-x86_64/jdk8u131/8869/hotspot/src/share/vm/prims/jni.cpp, line 709]
Event: 207584.190 Thread 0x00007fe4686b8000 Exception <a 'java/io/FileNotFoundException'> (0x00000007b8a9da70) thrown at [/Users/java_re/workspace/8-2-build-macosx-x86_64/jdk8u131/8869/hotspot/src/share/vm/prims/jni.cpp, line 709]
Event: 207584.190 Thread 0x00007fe4686b8000 Exception <a 'java/io/FileNotFoundException'> (0x00000007b8aa38a0) thrown at [/Users/java_re/workspace/8-2-build-macosx-x86_64/jdk8u131/8869/hotspot/src/share/vm/prims/jni.cpp, line 709]

Events (10 events):
Event: 207583.160 Executing VM operation: FindDeadlocks done
Event: 207583.825 loading class org/netbeans/modules/spellchecker/ComponentPeer
Event: 207583.825 loading class org/netbeans/modules/spellchecker/ComponentPeer done
Event: 207584.197 Executing VM operation: ParallelGCFailedAllocation
Event: 207584.199 Executing VM operation: ParallelGCFailedAllocation done
Event: 207584.199 Executing VM operation: ParallelGCSystemGC
Event: 207584.466 Executing VM operation: ParallelGCSystemGC done
Event: 207584.467 Thread 0x00007fe46ea37800 Thread added: 0x00007fe46ea37800
Event: 207584.467 Executing VM operation: RevokeBias
Event: 207584.468 Executing VM operation: RevokeBias done


Dynamic libraries:
0x0000000005986000 	/System/Library/Frameworks/Cocoa.framework/Versions/A/Cocoa
0x0000000005986000 	/System/Library/Frameworks/Security.framework/Versions/A/Security
0x0000000005986000 	/System/Library/Frameworks/ApplicationServices.framework/Versions/A/ApplicationServices
0x0000000005986000 	/usr/lib/libz.1.dylib
0x0000000005986000 	/usr/lib/libSystem.B.dylib
0x0000000005986000 	/usr/lib/libobjc.A.dylib
0x0000000005986000 	/System/Library/Frameworks/CoreFoundation.framework/Versions/A/CoreFoundation
0x0000000005986000 	/System/Library/Frameworks/Foundation.framework/Versions/C/Foundation
0x0000000005986000 	/System/Library/Frameworks/AppKit.framework/Versions/C/AppKit
0x0000000005986000 	/System/Library/Frameworks/CoreData.framework/Versions/A/CoreData
0x0000000005986000 	/System/Library/PrivateFrameworks/RemoteViewServices.framework/Versions/A/RemoteViewServices
0x0000000005986000 	/System/Library/PrivateFrameworks/UIFoundation.framework/Versions/A/UIFoundation
0x0000000005986000 	/System/Library/PrivateFrameworks/DFRFoundation.framework/Versions/A/DFRFoundation
0x0000000005986000 	/usr/lib/libenergytrace.dylib
0x0000000005986000 	/System/Library/PrivateFrameworks/SkyLight.framework/Versions/A/SkyLight
0x0000000005986000 	/System/Library/Frameworks/CoreGraphics.framework/Versions/A/CoreGraphics
0x0000000005986000 	/usr/lib/libScreenReader.dylib
0x0000000005986000 	/System/Library/Frameworks/Accelerate.framework/Versions/A/Accelerate
0x0000000005986000 	/System/Library/Frameworks/IOSurface.framework/Versions/A/IOSurface
0x0000000005986000 	/System/Library/Frameworks/AudioToolbox.framework/Versions/A/AudioToolbox
0x0000000005986000 	/System/Library/Frameworks/AudioUnit.framework/Versions/A/AudioUnit
0x0000000005986000 	/System/Library/PrivateFrameworks/DataDetectorsCore.framework/Versions/A/DataDetectorsCore
0x0000000005986000 	/System/Library/PrivateFrameworks/DesktopServicesPriv.framework/Versions/A/DesktopServicesPriv
0x0000000005986000 	/System/Library/Frameworks/Carbon.framework/Versions/A/Frameworks/HIToolbox.framework/Versions/A/HIToolbox
0x0000000005986000 	/usr/lib/libicucore.A.dylib
0x0000000005986000 	/System/Library/Frameworks/QuartzCore.framework/Versions/A/QuartzCore
0x0000000005986000 	/System/Library/Frameworks/Carbon.framework/Versions/A/Frameworks/SpeechRecognition.framework/Versions/A/SpeechRecognition
0x0000000005986000 	/usr/lib/libauto.dylib
0x0000000005986000 	/usr/lib/libxml2.2.dylib
0x0000000005986000 	/System/Library/PrivateFrameworks/CoreUI.framework/Versions/A/CoreUI
0x0000000005986000 	/System/Library/Frameworks/CoreAudio.framework/Versions/A/CoreAudio
0x0000000005986000 	/System/Library/Frameworks/DiskArbitration.framework/Versions/A/DiskArbitration
0x0000000005986000 	/usr/lib/liblangid.dylib
0x0000000005986000 	/System/Library/PrivateFrameworks/MultitouchSupport.framework/Versions/A/MultitouchSupport
0x0000000005986000 	/System/Library/Frameworks/IOKit.framework/Versions/A/IOKit
0x0000000005986000 	/usr/lib/libDiagnosticMessagesClient.dylib
0x0000000005986000 	/System/Library/Frameworks/CoreServices.framework/Versions/A/CoreServices
0x0000000005986000 	/System/Library/PrivateFrameworks/PerformanceAnalysis.framework/Versions/A/PerformanceAnalysis
0x0000000005986000 	/System/Library/PrivateFrameworks/GenerationalStorage.framework/Versions/A/GenerationalStorage
0x0000000005986000 	/System/Library/Frameworks/OpenGL.framework/Versions/A/OpenGL
0x0000000005986000 	/System/Library/Frameworks/CoreImage.framework/Versions/A/CoreImage
0x0000000005986000 	/System/Library/Frameworks/CoreText.framework/Versions/A/CoreText
0x0000000005986000 	/System/Library/Frameworks/ImageIO.framework/Versions/A/ImageIO
0x0000000005986000 	/System/Library/PrivateFrameworks/Backup.framework/Versions/A/Backup
0x0000000005986000 	/usr/lib/libarchive.2.dylib
0x0000000005986000 	/System/Library/Frameworks/CFNetwork.framework/Versions/A/CFNetwork
0x0000000005986000 	/System/Library/Frameworks/SystemConfiguration.framework/Versions/A/SystemConfiguration
0x0000000005986000 	/usr/lib/libCRFSuite.dylib
0x0000000005986000 	/usr/lib/libc++.1.dylib
0x0000000005986000 	/usr/lib/libc++abi.dylib
0x0000000005986000 	/usr/lib/system/libcache.dylib
0x0000000005986000 	/usr/lib/system/libcommonCrypto.dylib
0x0000000005986000 	/usr/lib/system/libcompiler_rt.dylib
0x0000000005986000 	/usr/lib/system/libcopyfile.dylib
0x0000000005986000 	/usr/lib/system/libcorecrypto.dylib
0x0000000005986000 	/usr/lib/system/libdispatch.dylib
0x0000000005986000 	/usr/lib/system/libdyld.dylib
0x0000000005986000 	/usr/lib/system/libkeymgr.dylib
0x0000000005986000 	/usr/lib/system/liblaunch.dylib
0x0000000005986000 	/usr/lib/system/libmacho.dylib
0x0000000005986000 	/usr/lib/system/libquarantine.dylib
0x0000000005986000 	/usr/lib/system/libremovefile.dylib
0x0000000005986000 	/usr/lib/system/libsystem_asl.dylib
0x0000000005986000 	/usr/lib/system/libsystem_blocks.dylib
0x0000000005986000 	/usr/lib/system/libsystem_c.dylib
0x0000000005986000 	/usr/lib/system/libsystem_configuration.dylib
0x0000000005986000 	/usr/lib/system/libsystem_coreservices.dylib
0x0000000005986000 	/usr/lib/system/libsystem_coretls.dylib
0x0000000005986000 	/usr/lib/system/libsystem_dnssd.dylib
0x0000000005986000 	/usr/lib/system/libsystem_info.dylib
0x0000000005986000 	/usr/lib/system/libsystem_kernel.dylib
0x0000000005986000 	/usr/lib/system/libsystem_m.dylib
0x0000000005986000 	/usr/lib/system/libsystem_malloc.dylib
0x0000000005986000 	/usr/lib/system/libsystem_network.dylib
0x0000000005986000 	/usr/lib/system/libsystem_networkextension.dylib
0x0000000005986000 	/usr/lib/system/libsystem_notify.dylib
0x0000000005986000 	/usr/lib/system/libsystem_platform.dylib
0x0000000005986000 	/usr/lib/system/libsystem_pthread.dylib
0x0000000005986000 	/usr/lib/system/libsystem_sandbox.dylib
0x0000000005986000 	/usr/lib/system/libsystem_secinit.dylib
0x0000000005986000 	/usr/lib/system/libsystem_symptoms.dylib
0x0000000005986000 	/usr/lib/system/libsystem_trace.dylib
0x0000000005986000 	/usr/lib/system/libunwind.dylib
0x0000000005986000 	/usr/lib/system/libxpc.dylib
0x0000000005986000 	/usr/lib/libbsm.0.dylib
0x0000000005986000 	/usr/lib/system/libkxld.dylib
0x0000000005986000 	/usr/lib/libcoretls.dylib
0x0000000005986000 	/usr/lib/libcoretls_cfhelpers.dylib
0x0000000005986000 	/usr/lib/libOpenScriptingUtil.dylib
0x0000000005986000 	/usr/lib/libpam.2.dylib
0x0000000005986000 	/usr/lib/libsqlite3.dylib
0x0000000005986000 	/usr/lib/libxar.1.dylib
0x0000000005986000 	/usr/lib/libbz2.1.0.dylib
0x0000000005986000 	/usr/lib/liblzma.5.dylib
0x0000000005986000 	/usr/lib/libnetwork.dylib
0x0000000005986000 	/usr/lib/libpcap.A.dylib
0x0000000005986000 	/System/Library/Frameworks/CoreServices.framework/Versions/A/Frameworks/FSEvents.framework/Versions/A/FSEvents
0x0000000005986000 	/System/Library/Frameworks/CoreServices.framework/Versions/A/Frameworks/CarbonCore.framework/Versions/A/CarbonCore
0x0000000005986000 	/System/Library/Frameworks/CoreServices.framework/Versions/A/Frameworks/Metadata.framework/Versions/A/Metadata
0x0000000005986000 	/System/Library/Frameworks/CoreServices.framework/Versions/A/Frameworks/OSServices.framework/Versions/A/OSServices
0x0000000005986000 	/System/Library/Frameworks/CoreServices.framework/Versions/A/Frameworks/SearchKit.framework/Versions/A/SearchKit
0x0000000005986000 	/System/Library/Frameworks/CoreServices.framework/Versions/A/Frameworks/AE.framework/Versions/A/AE
0x0000000005986000 	/System/Library/Frameworks/CoreServices.framework/Versions/A/Frameworks/LaunchServices.framework/Versions/A/LaunchServices
0x0000000005986000 	/System/Library/Frameworks/CoreServices.framework/Versions/A/Frameworks/DictionaryServices.framework/Versions/A/DictionaryServices
0x0000000005986000 	/System/Library/Frameworks/CoreServices.framework/Versions/A/Frameworks/SharedFileList.framework/Versions/A/SharedFileList
0x0000000005986000 	/System/Library/Frameworks/NetFS.framework/Versions/A/NetFS
0x0000000005986000 	/System/Library/PrivateFrameworks/NetAuth.framework/Versions/A/NetAuth
0x0000000005986000 	/System/Library/PrivateFrameworks/login.framework/Versions/A/Frameworks/loginsupport.framework/Versions/A/loginsupport
0x0000000005986000 	/System/Library/PrivateFrameworks/TCC.framework/Versions/A/TCC
0x0000000005986000 	/usr/lib/libmecabra.dylib
0x0000000005986000 	/System/Library/Frameworks/ApplicationServices.framework/Versions/A/Frameworks/ATS.framework/Versions/A/ATS
0x0000000005986000 	/System/Library/Frameworks/ApplicationServices.framework/Versions/A/Frameworks/ColorSync.framework/Versions/A/ColorSync
0x0000000005986000 	/System/Library/Frameworks/ApplicationServices.framework/Versions/A/Frameworks/HIServices.framework/Versions/A/HIServices
0x0000000005986000 	/System/Library/Frameworks/ApplicationServices.framework/Versions/A/Frameworks/LangAnalysis.framework/Versions/A/LangAnalysis
0x0000000005986000 	/System/Library/Frameworks/ApplicationServices.framework/Versions/A/Frameworks/PrintCore.framework/Versions/A/PrintCore
0x0000000005986000 	/System/Library/Frameworks/ApplicationServices.framework/Versions/A/Frameworks/QD.framework/Versions/A/QD
0x0000000005986000 	/System/Library/Frameworks/ApplicationServices.framework/Versions/A/Frameworks/SpeechSynthesis.framework/Versions/A/SpeechSynthesis
0x0000000005986000 	/System/Library/Frameworks/Accelerate.framework/Versions/A/Frameworks/vImage.framework/Versions/A/vImage
0x0000000005986000 	/System/Library/Frameworks/Accelerate.framework/Versions/A/Frameworks/vecLib.framework/Versions/A/vecLib
0x0000000005986000 	/System/Library/Frameworks/Accelerate.framework/Versions/A/Frameworks/vecLib.framework/Versions/A/libvDSP.dylib
0x0000000005986000 	/System/Library/Frameworks/Accelerate.framework/Versions/A/Frameworks/vecLib.framework/Versions/A/libBNNS.dylib
0x0000000005986000 	/System/Library/Frameworks/Accelerate.framework/Versions/A/Frameworks/vecLib.framework/Versions/A/libQuadrature.dylib
0x0000000005986000 	/System/Library/Frameworks/Accelerate.framework/Versions/A/Frameworks/vecLib.framework/Versions/A/libvMisc.dylib
0x0000000005986000 	/System/Library/Frameworks/Accelerate.framework/Versions/A/Frameworks/vecLib.framework/Versions/A/libLAPACK.dylib
0x0000000005986000 	/System/Library/Frameworks/Accelerate.framework/Versions/A/Frameworks/vecLib.framework/Versions/A/libBLAS.dylib
0x0000000005986000 	/System/Library/Frameworks/Accelerate.framework/Versions/A/Frameworks/vecLib.framework/Versions/A/libLinearAlgebra.dylib
0x0000000005986000 	/System/Library/Frameworks/Accelerate.framework/Versions/A/Frameworks/vecLib.framework/Versions/A/libSparseBLAS.dylib
0x0000000005986000 	/System/Library/Frameworks/ApplicationServices.framework/Versions/A/Frameworks/ATS.framework/Versions/A/Resources/libFontParser.dylib
0x0000000005986000 	/System/Library/Frameworks/ApplicationServices.framework/Versions/A/Frameworks/ATS.framework/Versions/A/Resources/libFontRegistry.dylib
0x0000000005986000 	/System/Library/Frameworks/ImageIO.framework/Versions/A/Resources/libJPEG.dylib
0x0000000005986000 	/System/Library/Frameworks/ImageIO.framework/Versions/A/Resources/libTIFF.dylib
0x0000000005986000 	/System/Library/Frameworks/ImageIO.framework/Versions/A/Resources/libPng.dylib
0x0000000005986000 	/System/Library/Frameworks/ImageIO.framework/Versions/A/Resources/libGIF.dylib
0x0000000005986000 	/System/Library/Frameworks/ImageIO.framework/Versions/A/Resources/libJP2.dylib
0x0000000005986000 	/System/Library/Frameworks/ImageIO.framework/Versions/A/Resources/libRadiance.dylib
0x0000000005986000 	/usr/lib/libcompression.dylib
0x0000000005986000 	/System/Library/PrivateFrameworks/AppleJPEG.framework/Versions/A/AppleJPEG
0x0000000005986000 	/usr/lib/libcups.2.dylib
0x0000000005986000 	/System/Library/Frameworks/Kerberos.framework/Versions/A/Kerberos
0x0000000005986000 	/System/Library/Frameworks/GSS.framework/Versions/A/GSS
0x0000000005986000 	/usr/lib/libresolv.9.dylib
0x0000000005986000 	/usr/lib/libiconv.2.dylib
0x0000000005986000 	/System/Library/PrivateFrameworks/Heimdal.framework/Versions/A/Heimdal
0x0000000005986000 	/usr/lib/libheimdal-asn1.dylib
0x0000000005986000 	/System/Library/Frameworks/OpenDirectory.framework/Versions/A/OpenDirectory
0x0000000005986000 	/System/Library/PrivateFrameworks/CommonAuth.framework/Versions/A/CommonAuth
0x0000000005986000 	/System/Library/Frameworks/OpenDirectory.framework/Versions/A/Frameworks/CFOpenDirectory.framework/Versions/A/CFOpenDirectory
0x0000000005986000 	/System/Library/Frameworks/SecurityFoundation.framework/Versions/A/SecurityFoundation
0x0000000005986000 	/System/Library/PrivateFrameworks/LanguageModeling.framework/Versions/A/LanguageModeling
0x0000000005986000 	/usr/lib/libmarisa.dylib
0x0000000005986000 	/usr/lib/libChineseTokenizer.dylib
0x0000000005986000 	/usr/lib/libcmph.dylib
0x0000000005986000 	/System/Library/PrivateFrameworks/CoreEmoji.framework/Versions/A/CoreEmoji
0x0000000005986000 	/System/Library/Frameworks/ServiceManagement.framework/Versions/A/ServiceManagement
0x0000000005986000 	/usr/lib/libxslt.1.dylib
0x0000000005986000 	/System/Library/Frameworks/Carbon.framework/Versions/A/Frameworks/Ink.framework/Versions/A/Ink
0x0000000005986000 	/System/Library/PrivateFrameworks/TextureIO.framework/Versions/A/TextureIO
0x0000000005986000 	/System/Library/Frameworks/Metal.framework/Versions/A/Metal
0x0000000005986000 	/usr/lib/libate.dylib
0x0000000005986000 	/System/Library/PrivateFrameworks/GPUCompiler.framework/libmetal_timestamp.dylib
0x0000000005986000 	/System/Library/Frameworks/OpenGL.framework/Versions/A/Libraries/libCoreFSCache.dylib
0x0000000005986000 	/System/Library/PrivateFrameworks/IOAccelerator.framework/Versions/A/IOAccelerator
0x0000000005986000 	/System/Library/Frameworks/CoreVideo.framework/Versions/A/CoreVideo
0x0000000005986000 	/usr/lib/libFosl_dynamic.dylib
0x0000000005986000 	/System/Library/PrivateFrameworks/MetalPerformanceShaders.framework/Versions/A/MetalPerformanceShaders
0x0000000005986000 	/System/Library/PrivateFrameworks/FaceCore.framework/Versions/A/FaceCore
0x0000000005986000 	/System/Library/Frameworks/OpenCL.framework/Versions/A/OpenCL
0x0000000005986000 	/System/Library/Frameworks/OpenGL.framework/Versions/A/Libraries/libGLU.dylib
0x0000000005986000 	/System/Library/Frameworks/OpenGL.framework/Versions/A/Libraries/libGFXShared.dylib
0x0000000005986000 	/System/Library/Frameworks/OpenGL.framework/Versions/A/Libraries/libGL.dylib
0x0000000005986000 	/System/Library/Frameworks/OpenGL.framework/Versions/A/Libraries/libGLImage.dylib
0x0000000005986000 	/System/Library/Frameworks/OpenGL.framework/Versions/A/Libraries/libCVMSPluginSupport.dylib
0x0000000005986000 	/System/Library/Frameworks/OpenGL.framework/Versions/A/Libraries/libCoreVMClient.dylib
0x0000000005986000 	/System/Library/PrivateFrameworks/CrashReporterSupport.framework/Versions/A/CrashReporterSupport
0x0000000005986000 	/System/Library/PrivateFrameworks/Sharing.framework/Versions/A/Sharing
0x0000000005986000 	/System/Library/PrivateFrameworks/IconServices.framework/Versions/A/IconServices
0x0000000005986000 	/System/Library/PrivateFrameworks/ProtocolBuffer.framework/Versions/A/ProtocolBuffer
0x0000000005986000 	/System/Library/PrivateFrameworks/Apple80211.framework/Versions/A/Apple80211
0x0000000005986000 	/System/Library/Frameworks/CoreWLAN.framework/Versions/A/CoreWLAN
0x0000000005986000 	/System/Library/PrivateFrameworks/CoreUtils.framework/Versions/A/CoreUtils
0x0000000005986000 	/System/Library/Frameworks/IOBluetooth.framework/Versions/A/IOBluetooth
0x0000000005986000 	/System/Library/PrivateFrameworks/CoreWiFi.framework/Versions/A/CoreWiFi
0x0000000005986000 	/System/Library/Frameworks/CoreBluetooth.framework/Versions/A/CoreBluetooth
0x0000000005986000 	/System/Library/Frameworks/CoreDisplay.framework/Versions/A/CoreDisplay
0x0000000005986000 	/System/Library/PrivateFrameworks/IOPresentment.framework/Versions/A/IOPresentment
0x0000000005986000 	/System/Library/PrivateFrameworks/DSExternalDisplay.framework/Versions/A/DSExternalDisplay
0x0000000005986000 	/System/Library/PrivateFrameworks/DebugSymbols.framework/Versions/A/DebugSymbols
0x0000000005986000 	/System/Library/PrivateFrameworks/CoreSymbolication.framework/Versions/A/CoreSymbolication
0x0000000005986000 	/System/Library/PrivateFrameworks/Symbolication.framework/Versions/A/Symbolication
0x0000000005986000 	/System/Library/PrivateFrameworks/AppleFSCompression.framework/Versions/A/AppleFSCompression
0x0000000005986000 	/System/Library/PrivateFrameworks/SpeechRecognitionCore.framework/Versions/A/SpeechRecognitionCore
0x0000000005986000 	/System/Library/PrivateFrameworks/ChunkingLibrary.framework/Versions/A/ChunkingLibrary
0x0000000108200000 	/Library/Java/JavaVirtualMachines/jdk1.8.0_131.jdk/Contents/Home/jre/lib/server/libjvm.dylib
0x0000000005986000 	/usr/lib/libstdc++.6.dylib
0x00000001091a3000 	/Library/Java/JavaVirtualMachines/jdk1.8.0_131.jdk/Contents/Home/jre/lib/libverify.dylib
0x00000001091b1000 	/Library/Java/JavaVirtualMachines/jdk1.8.0_131.jdk/Contents/Home/jre/lib/libjava.dylib
0x00000001091e6000 	/Library/Java/JavaVirtualMachines/jdk1.8.0_131.jdk/Contents/Home/jre/lib/libzip.dylib
0x000000010fb52000 	/System/Library/Frameworks/JavaVM.framework/Frameworks/JavaRuntimeSupport.framework/JavaRuntimeSupport
0x000000010fb6c000 	/System/Library/Frameworks/JavaVM.framework/Versions/A/Frameworks/JavaNativeFoundation.framework/Versions/A/JavaNativeFoundation
0x000000010fb81000 	/System/Library/Frameworks/JavaVM.framework/Versions/A/JavaVM
0x0000000005986000 	/System/Library/Frameworks/Carbon.framework/Versions/A/Carbon
0x000000010fb8e000 	/System/Library/PrivateFrameworks/JavaLaunching.framework/Versions/A/JavaLaunching
0x0000000005986000 	/System/Library/Frameworks/Carbon.framework/Versions/A/Frameworks/CommonPanels.framework/Versions/A/CommonPanels
0x0000000005986000 	/System/Library/Frameworks/Carbon.framework/Versions/A/Frameworks/Help.framework/Versions/A/Help
0x0000000005986000 	/System/Library/Frameworks/Carbon.framework/Versions/A/Frameworks/ImageCapture.framework/Versions/A/ImageCapture
0x0000000005986000 	/System/Library/Frameworks/Carbon.framework/Versions/A/Frameworks/OpenScripting.framework/Versions/A/OpenScripting
0x0000000005986000 	/System/Library/Frameworks/Carbon.framework/Versions/A/Frameworks/Print.framework/Versions/A/Print
0x0000000005986000 	/System/Library/Frameworks/Carbon.framework/Versions/A/Frameworks/SecurityHI.framework/Versions/A/SecurityHI
0x00000001114a1000 	/Library/Java/JavaVirtualMachines/jdk1.8.0_131.jdk/Contents/Home/jre/lib/libnio.dylib
0x00000001114b1000 	/Library/Java/JavaVirtualMachines/jdk1.8.0_131.jdk/Contents/Home/jre/lib/./libnet.dylib
0x0000000114900000 	/Library/Java/JavaVirtualMachines/jdk1.8.0_131.jdk/Contents/Home/jre/lib/libawt.dylib
0x00000001149a8000 	/Library/Java/JavaVirtualMachines/jdk1.8.0_131.jdk/Contents/Home/jre/lib/./libmlib_image.dylib
0x0000000114a74000 	/Library/Java/JavaVirtualMachines/jdk1.8.0_131.jdk/Contents/Home/jre/lib/libawt_lwawt.dylib
0x0000000114b2b000 	/Library/Java/JavaVirtualMachines/jdk1.8.0_131.jdk/Contents/Home/jre/lib/./libosxapp.dylib
0x0000000005986000 	/System/Library/Frameworks/ExceptionHandling.framework/Versions/A/ExceptionHandling
0x0000000005986000 	/System/Library/PrivateFrameworks/CoreServicesInternal.framework/Versions/A/CoreServicesInternal
0x0000000005986000 	/System/Library/CoreServices/RawCamera.bundle/Contents/MacOS/RawCamera
0x000000011594d000 	/System/Library/Frameworks/Accelerate.framework/Frameworks/vImage.framework/Versions/A/Libraries/libCGInterfaces.dylib
0x0000000005986000 	/System/Library/Frameworks/ApplicationServices.framework/Versions/A/Frameworks/ATS.framework/Versions/A/Resources/libTrueTypeScaler.dylib
0x0000000125758000 	/System/Library/Frameworks/OpenGL.framework/Resources/GLEngine.bundle/GLEngine
0x0000000005986000 	/System/Library/Frameworks/OpenGL.framework/Versions/A/Libraries/libGLProgrammability.dylib
0x000000012593d000 	/System/Library/Extensions/AppleIntelBDWGraphicsGLDriver.bundle/Contents/MacOS/AppleIntelBDWGraphicsGLDriver
0x0000000005986000 	/System/Library/PrivateFrameworks/GPUSupport.framework/Versions/A/Libraries/libGPUSupportMercury.dylib
0x0000000115b25000 	/System/Library/Frameworks/OpenGL.framework/Resources//GLRendererFloat.bundle/GLRendererFloat
0x0000000005986000 	/System/Library/Frameworks/OpenCL.framework/Versions/A/Libraries/libcldcpuengine.dylib
0x0000000005986000 	/usr/lib/libcrypto.0.9.8.dylib
0x0000000005986000 	/System/Library/PrivateFrameworks/TrustEvaluationAgent.framework/Versions/A/TrustEvaluationAgent
0x00000001260a7000 	/System/Library/Extensions/AppleIntelBDWGraphicsMTLDriver.bundle/Contents/MacOS/AppleIntelBDWGraphicsMTLDriver
0x0000000005986000 	/System/Library/PrivateFrameworks/FamilyControls.framework/Versions/A/FamilyControls
0x0000000005986000 	/System/Library/PrivateFrameworks/CommerceKit.framework/Versions/A/Frameworks/CommerceCore.framework/Versions/A/CommerceCore
0x0000000005986000 	/System/Library/PrivateFrameworks/SystemAdministration.framework/Versions/A/SystemAdministration
0x0000000005986000 	/System/Library/PrivateFrameworks/AppContainer.framework/Versions/A/AppContainer
0x0000000005986000 	/System/Library/PrivateFrameworks/SecCodeWrapper.framework/Versions/A/SecCodeWrapper
0x0000000005986000 	/System/Library/Frameworks/DirectoryService.framework/Versions/A/DirectoryService
0x0000000005986000 	/System/Library/PrivateFrameworks/DiskImages.framework/Versions/A/DiskImages
0x0000000005986000 	/System/Library/PrivateFrameworks/LoginUIKit.framework/Versions/A/Frameworks/LoginUICore.framework/Versions/A/LoginUICore
0x0000000005986000 	/usr/lib/libCoreStorage.dylib
0x0000000005986000 	/usr/lib/libcsfde.dylib
0x0000000005986000 	/usr/lib/libodfde.dylib
0x0000000005986000 	/System/Library/Frameworks/DiscRecording.framework/Versions/A/DiscRecording
0x0000000005986000 	/usr/lib/libcurl.4.dylib
0x0000000005986000 	/System/Library/PrivateFrameworks/MediaKit.framework/Versions/A/MediaKit
0x0000000005986000 	/System/Library/PrivateFrameworks/ProtectedCloudStorage.framework/Versions/A/ProtectedCloudStorage
0x0000000005986000 	/System/Library/PrivateFrameworks/EFILogin.framework/Versions/A/EFILogin
0x0000000005986000 	/usr/lib/libutil.dylib
0x0000000005986000 	/System/Library/Frameworks/LDAP.framework/Versions/A/LDAP
0x0000000005986000 	/usr/lib/libsasl2.2.dylib
0x0000000005986000 	/System/Library/PrivateFrameworks/CoreDaemon.framework/Versions/B/CoreDaemon
0x0000000005986000 	/System/Library/PrivateFrameworks/AppleSRP.framework/Versions/A/AppleSRP
0x0000000005986000 	/System/Library/PrivateFrameworks/APFS.framework/Versions/A/APFS
0x0000000005986000 	/System/Library/PrivateFrameworks/ViewBridge.framework/Versions/A/ViewBridge
0x0000000005986000 	/System/Library/PrivateFrameworks/XPCService.framework/Versions/A/XPCService
0x0000000005986000 	/System/Library/PrivateFrameworks/AppSandbox.framework/Versions/A/AppSandbox
0x0000000005986000 	/usr/lib/libsandbox.1.dylib
0x0000000005986000 	/usr/lib/libMatch.1.dylib
0x000000012814c000 	/Library/Java/JavaVirtualMachines/jdk1.8.0_131.jdk/Contents/Home/jre/lib/libsplashscreen.dylib
0x00000001281a5000 	/Library/Java/JavaVirtualMachines/jdk1.8.0_131.jdk/Contents/Home/jre/lib/libfontmanager.dylib
0x0000000115b18000 	/Library/Java/JavaVirtualMachines/jdk1.8.0_131.jdk/Contents/Home/jre/lib/libosxui.dylib
0x000000013a18e000 	/Applications/NetBeans/Apache NetBeans 11.1.app/Contents/Resources/NetBeans/platform/modules/lib/libjnidispatch-440.jnilib
0x00000001327ad000 	/Library/Java/JavaVirtualMachines/jdk1.8.0_131.jdk/Contents/Home/jre/lib/libmanagement.dylib
0x000000012b5e7000 	/Library/Java/JavaVirtualMachines/jdk1.8.0_131.jdk/Contents/Home/jre/lib/libdcpr.dylib
0x0000000111510000 	/Library/Java/JavaVirtualMachines/jdk1.8.0_131.jdk/Contents/Home/jre/lib/libjpeg.dylib
0x0000000116445000 	/Library/Java/JavaVirtualMachines/jdk1.8.0_131.jdk/Contents/Home/jre/lib/libsunec.dylib
0x0000000005986000 	/System/Library/PrivateFrameworks/CloudDocs.framework/Versions/A/CloudDocs
0x0000000005986000 	/System/Library/Frameworks/CloudKit.framework/Versions/A/CloudKit
0x0000000005986000 	/System/Library/PrivateFrameworks/MMCS.framework/Versions/A/MMCS
0x0000000005986000 	/System/Library/Frameworks/CoreLocation.framework/Versions/A/CoreLocation
0x0000000005986000 	/System/Library/PrivateFrameworks/AssetCacheServices.framework/Versions/A/AssetCacheServices
0x0000000005986000 	/System/Library/PrivateFrameworks/GeoServices.framework/Versions/A/GeoServices
0x0000000005986000 	/System/Library/PrivateFrameworks/Shortcut.framework/Versions/A/Shortcut
0x0000000005986000 	/System/Library/PrivateFrameworks/HelpData.framework/Versions/A/HelpData

VM Arguments:
jvm_args: -Djdk.home=/Library/Java/JavaVirtualMachines/jdk1.8.0_131.jdk/Contents/Home -Dnetbeans.default_userdir_root=/Users/dthurston/Library/Application Support/NetBeans -Dnetbeans.dirs=/Applications/NetBeans/Apache NetBeans 11.1.app/Contents/Resources/NetBeans/nb:/Applications/NetBeans/Apache NetBeans 11.1.app/Contents/Resources/NetBeans/ergonomics:/Applications/NetBeans/Apache NetBeans 11.1.app/Contents/Resources/NetBeans/ide:/Applications/NetBeans/Apache NetBeans 11.1.app/Contents/Resources/NetBeans/extide:/Applications/NetBeans/Apache NetBeans 11.1.app/Contents/Resources/NetBeans/java:/Applications/NetBeans/Apache NetBeans 11.1.app/Contents/Resources/NetBeans/apisupport:/Applications/NetBeans/Apache NetBeans 11.1.app/Contents/Resources/NetBeans/webcommon:/Applications/NetBeans/Apache NetBeans 11.1.app/Contents/Resources/NetBeans/websvccommon:/Applications/NetBeans/Apache NetBeans 11.1.app/Contents/Resources/NetBeans/enterprise:/Applications/NetBeans/Apache NetBeans 11.1.app/Contents/Resources/NetBeans/mobility:/Applications/NetBeans/Apache NetBeans 11.1.app/Contents/Resources/NetBeans/profiler:/Applications/NetBeans/Apache NetBeans 11.1.app/Contents/Resources/NetBeans/python:/Applications/NetBeans/Apache NetBeans 11.1.app/Contents/Resources/NetBeans/php:/Applications/NetBeans/Apache NetBeans 11.1.app/Contents/Resources/NetBeans/identity:/Applications/NetBeans/Apache NetBeans 11.1.app/Contents/Resources/NetBeans/harness:/Applications/NetBeans/Apache NetBeans 11.1.app/Contents/Resources/NetBeans/cnd:/Applications/NetBeans/Apache NetBeans 11.1.app/Contents/Resources/NetBeans/cndext:/Applications/NetBeans/Apache NetBeans 11.1.app/Contents/Resources/NetBeans/dlight:/Applications/NetBeans/Apache NetBeans 11.1.app/Contents/Resources/NetBeans/groovy:/Applications/NetBeans/Apache NetBeans 11.1.app/Contents/Resources/NetBeans/extra:/Applications/NetBeans/Apache NetBeans 11.1.app/Contents/Resources/NetBeans/javacard:/Applications/NetBeans/Apache NetBeans 11.1.app/Contents/Resources/NetBeans/javafx: -Dnetbeans.home=/Applications/NetBeans/Apache NetBeans 11.1.app/Contents/Resources/NetBeans/platform -Dnetbeans.importclass=org.netbeans.upgrade.AutoUpgrade -XX:+UseStringDeduplication -Xss2m -Djdk.gtk.version=2.2 -Dapple.laf.useScreenMenuBar=true -Dapple.awt.graphics.UseQuartz=true -Dsun.java2d.noddraw=true -Dsun.java2d.dpiaware=true -Dsun.zip.disableMemoryMapping=true -Dplugin.manager.check.updates=false -Dnetbeans.extbrowser.manual_chrome_plugin_install=yes --add-opens=java.base/java.net=ALL-UNNAMED --add-opens=java.base/java.lang.ref=ALL-UNNAMED --add-opens=java.base/java.lang=ALL-UNNAMED --add-opens=java.base/java.security=ALL-UNNAMED --add-opens=java.base/java.util=ALL-UNNAMED --add-opens=java.desktop/javax.swing.plaf.basic=ALL-UNNAMED --add-opens=java.desktop/javax.swing.text=ALL-UNNAMED --add-opens=java.desktop/javax.swing=ALL-UNNAMED --add-opens=java.desktop/java.awt=ALL-UNNAMED --add-opens=java.desktop/java.awt.event=ALL-UNNAMED --add-opens=java.prefs/java.util.prefs=ALL-UNNAMED --add-opens=jdk.jshell/jdk.jshell=ALL-UNNAMED --add-modules=jdk.jshell --add-exports=java.desktop/sun.awt=ALL-UNNAMED --add-exports=java.desktop/java.awt.peer=ALL-UNNAMED --add-exports=java.desktop/com.sun.beans.editors=ALL-UNNAMED --add-exports=java.desktop/sun.swing=ALL-UNNAMED --add-exports=java.desktop/sun.awt.im=ALL-UNNAMED --add-exports=jdk.internal.jvmstat/sun.jvmstat.monitor=ALL-UNNAMED --add-exports=java.management/sun.management=ALL-UNNAMED --add-exports=java.base/sun.reflect.annotation=ALL-UNNAMED --add-exports=jdk.javadoc/com.sun.tools.javadoc.main=ALL-UNNAMED -XX:+IgnoreUnrecognizedVMOptions -XX:+HeapDumpOnOutOfMemoryError -XX:HeapDumpPath=/Users/dthurston/Library/Application Support/NetBeans/11.1/var/log/heapdump.hprof 
java_command: org.netbeans.Main --cachedir /Users/dthurston/Library/Caches/NetBeans/11.1 --userdir /Users/dthurston/Library/Application Support/NetBeans/11.1 --branding nb
java_class_path (initial): /Applications/NetBeans/Apache NetBeans 11.1.app/Contents/Resources/NetBeans/platform/lib/boot.jar:/Applications/NetBeans/Apache NetBeans 11.1.app/Contents/Resources/NetBeans/platform/lib/org-openide-modules.jar:/Applications/NetBeans/Apache NetBeans 11.1.app/Contents/Resources/NetBeans/platform/lib/org-openide-util-lookup.jar:/Applications/NetBeans/Apache NetBeans 11.1.app/Contents/Resources/NetBeans/platform/lib/org-openide-util-ui.jar:/Applications/NetBeans/Apache NetBeans 11.1.app/Contents/Resources/NetBeans/platform/lib/org-openide-util.jar:/Library/Java/JavaVirtualMachines/jdk1.8.0_131.jdk/Contents/Home/lib/dt.jar:/Library/Java/JavaVirtualMachines/jdk1.8.0_131.jdk/Contents/Home/lib/tools.jar
Launcher Type: SUN_STANDARD

Environment Variables:
PATH=/Library/Frameworks/Python.framework/Versions/3.6/bin:/Users/dthurston/.rbenv/shims:/Library/Frameworks/Python.framework/Versions/2.7/bin:/usr/local/bin:/usr/bin:/bin:/usr/sbin:/sbin:/Library/Frameworks/Mono.framework/Versions/Current/Commands:/Applications/Wireshark.app/Contents/MacOS:/Users/dthurston/Projects
SHELL=/bin/bash

Signal Handlers:
SIGSEGV: [libjvm.dylib+0x5b1eb1], sa_mask[0]=11111111011111110111111111111111, sa_flags=SA_ONSTACK|SA_RESTART|SA_SIGINFO
SIGBUS: [libjvm.dylib+0x5b1eb1], sa_mask[0]=11111111011111110111111111111111, sa_flags=SA_RESTART|SA_SIGINFO
SIGFPE: [libjvm.dylib+0x488988], sa_mask[0]=11111111011111110111111111111111, sa_flags=SA_RESTART|SA_SIGINFO
SIGPIPE: [libjvm.dylib+0x488988], sa_mask[0]=11111111011111110111111111111111, sa_flags=SA_RESTART|SA_SIGINFO
SIGXFSZ: [libjvm.dylib+0x488988], sa_mask[0]=11111111011111110111111111111111, sa_flags=SA_RESTART|SA_SIGINFO
SIGILL: [libjvm.dylib+0x488988], sa_mask[0]=11111111011111110111111111111111, sa_flags=SA_RESTART|SA_SIGINFO
SIGUSR1: SIG_DFL, sa_mask[0]=11011111011111100000000111000110, sa_flags=none
SIGUSR2: [libjvm.dylib+0x4884a6], sa_mask[0]=00000000000000000000000000000000, sa_flags=SA_RESTART|SA_SIGINFO
SIGHUP: [libjvm.dylib+0x486a7d], sa_mask[0]=11111111011111110111111111111111, sa_flags=SA_RESTART|SA_SIGINFO
SIGINT: SIG_IGN, sa_mask[0]=00000000000000000000000000000000, sa_flags=none
SIGTERM: [libjvm.dylib+0x486a7d], sa_mask[0]=11111111011111110111111111111111, sa_flags=SA_RESTART|SA_SIGINFO
SIGQUIT: [libjvm.dylib+0x486a7d], sa_mask[0]=11111111011111110111111111111111, sa_flags=SA_RESTART|SA_SIGINFO


---------------  S Y S T E M  ---------------

OS:Bsduname:Darwin 16.7.0 Darwin Kernel Version 16.7.0: Sun Jun  2 20:26:31 PDT 2019; root:xnu-3789.73.50~1/RELEASE_X86_64 x86_64
rlimit: STACK 8192k, CORE 0k, NPROC 709, NOFILE 10240, AS infinity
load average:3.79 3.46 3.13

CPU:total 4 (initial active 4) (2 cores per cpu, 2 threads per core) family 6 model 61 stepping 4, cmov, cx8, fxsr, mmx, sse, sse2, sse3, ssse3, sse4.1, sse4.2, popcnt, avx, avx2, aes, clmul, erms, rtm, 3dnowpref, lzcnt, ht, tsc, tscinvbit, bmi1, bmi2, adx

Memory: 4k page, physical 8388608k(22552k free)

/proc/meminfo:


vm_info: Java HotSpot(TM) 64-Bit Server VM (25.131-b11) for bsd-amd64 JRE (1.8.0_131-b11), built on Mar 15 2017 01:32:22 by "java_re" with gcc 4.2.1 (Based on Apple Inc. build 5658) (LLVM build 2336.11.00)

time: Mon Feb 10 09:21:50 2020
elapsed time: 207584 seconds (2d 9h 39m 44s)

